17-Jan-2017 05:58:08.771 INFO [main] org.apache.catalina.startup.VersionLoggerListener.log Server version:        Apache Tomcat/8.5.9
17-Jan-2017 05:58:08.773 INFO [main] org.apache.catalina.startup.VersionLoggerListener.log Server built:          Dec 5 2016 20:18:12 UTC
17-Jan-2017 05:58:08.773 INFO [main] org.apache.catalina.startup.VersionLoggerListener.log Server number:         8.5.9.0
17-Jan-2017 05:58:08.773 INFO [main] org.apache.catalina.startup.VersionLoggerListener.log OS Name:               Linux
17-Jan-2017 05:58:08.774 INFO [main] org.apache.catalina.startup.VersionLoggerListener.log OS Version:            4.4.41-moby
17-Jan-2017 05:58:08.774 INFO [main] org.apache.catalina.startup.VersionLoggerListener.log Architecture:          amd64
17-Jan-2017 05:58:08.774 INFO [main] org.apache.catalina.startup.VersionLoggerListener.log Java Home:             /opt/jdk1.8.0_102/jre
17-Jan-2017 05:58:08.774 INFO [main] org.apache.catalina.startup.VersionLoggerListener.log JVM Version:           1.8.0_102-b14
17-Jan-2017 05:58:08.774 INFO [main] org.apache.catalina.startup.VersionLoggerListener.log JVM Vendor:            Oracle Corporation
17-Jan-2017 05:58:08.775 INFO [main] org.apache.catalina.startup.VersionLoggerListener.log CATALINA_BASE:         /opt/apache-tomcat-8.5.9
17-Jan-2017 05:58:08.775 INFO [main] org.apache.catalina.startup.VersionLoggerListener.log CATALINA_HOME:         /opt/apache-tomcat-8.5.9
17-Jan-2017 05:58:08.775 INFO [main] org.apache.catalina.startup.VersionLoggerListener.log Command line argument: -Djava.util.logging.config.file=/opt/apache-tomcat-8.5.9/conf/logging.properties
17-Jan-2017 05:58:08.775 INFO [main] org.apache.catalina.startup.VersionLoggerListener.log Command line argument: -Djava.util.logging.manager=org.apache.juli.ClassLoaderLogManager
17-Jan-2017 05:58:08.775 INFO [main] org.apache.catalina.startup.VersionLoggerListener.log Command line argument: -Djdk.tls.ephemeralDHKeySize=2048
17-Jan-2017 05:58:08.776 INFO [main] org.apache.catalina.startup.VersionLoggerListener.log Command line argument: -Djava.protocol.handler.pkgs=org.apache.catalina.webresources
17-Jan-2017 05:58:08.776 INFO [main] org.apache.catalina.startup.VersionLoggerListener.log Command line argument: -Dcatalina.base=/opt/apache-tomcat-8.5.9
17-Jan-2017 05:58:08.776 INFO [main] org.apache.catalina.startup.VersionLoggerListener.log Command line argument: -Dcatalina.home=/opt/apache-tomcat-8.5.9
17-Jan-2017 05:58:08.776 INFO [main] org.apache.catalina.startup.VersionLoggerListener.log Command line argument: -Djava.io.tmpdir=/opt/apache-tomcat-8.5.9/temp
17-Jan-2017 05:58:08.776 INFO [main] org.apache.catalina.core.AprLifecycleListener.lifecycleEvent The APR based Apache Tomcat Native library which allows optimal performance in production environments was not found on the java.library.path: /usr/java/packages/lib/amd64:/usr/lib64:/lib64:/lib:/usr/lib
17-Jan-2017 05:58:08.875 INFO [main] org.apache.coyote.AbstractProtocol.init Initializing ProtocolHandler ["http-nio-8080"]
17-Jan-2017 05:58:08.889 INFO [main] org.apache.tomcat.util.net.NioSelectorPool.getSharedSelector Using a shared selector for servlet write/read
17-Jan-2017 05:58:08.891 INFO [main] org.apache.coyote.AbstractProtocol.init Initializing ProtocolHandler ["ajp-nio-8009"]
17-Jan-2017 05:58:08.892 INFO [main] org.apache.tomcat.util.net.NioSelectorPool.getSharedSelector Using a shared selector for servlet write/read
17-Jan-2017 05:58:08.893 INFO [main] org.apache.catalina.startup.Catalina.load Initialization processed in 381 ms
17-Jan-2017 05:58:08.909 INFO [main] org.apache.catalina.core.StandardService.startInternal Starting service Catalina
17-Jan-2017 05:58:08.909 INFO [main] org.apache.catalina.core.StandardEngine.startInternal Starting Servlet Engine: Apache Tomcat/8.5.9
17-Jan-2017 05:58:08.919 INFO [localhost-startStop-1] org.apache.catalina.startup.HostConfig.deployDirectory Deploying web application directory /opt/apache-tomcat-8.5.9/webapps/host-manager
17-Jan-2017 05:58:09.132 INFO [localhost-startStop-1] org.apache.catalina.startup.HostConfig.deployDirectory Deployment of web application directory /opt/apache-tomcat-8.5.9/webapps/host-manager has finished in 213 ms
17-Jan-2017 05:58:09.132 INFO [localhost-startStop-1] org.apache.catalina.startup.HostConfig.deployDirectory Deploying web application directory /opt/apache-tomcat-8.5.9/webapps/examples
17-Jan-2017 05:58:09.331 INFO [localhost-startStop-1] org.apache.catalina.startup.HostConfig.deployDirectory Deployment of web application directory /opt/apache-tomcat-8.5.9/webapps/examples has finished in 199 ms
17-Jan-2017 05:58:09.332 INFO [localhost-startStop-1] org.apache.catalina.startup.HostConfig.deployDirectory Deploying web application directory /opt/apache-tomcat-8.5.9/webapps/manager
17-Jan-2017 05:58:09.344 INFO [localhost-startStop-1] org.apache.catalina.startup.HostConfig.deployDirectory Deployment of web application directory /opt/apache-tomcat-8.5.9/webapps/manager has finished in 13 ms
17-Jan-2017 05:58:09.344 INFO [localhost-startStop-1] org.apache.catalina.startup.HostConfig.deployDirectory Deploying web application directory /opt/apache-tomcat-8.5.9/webapps/docs
17-Jan-2017 05:58:09.354 INFO [localhost-startStop-1] org.apache.catalina.startup.HostConfig.deployDirectory Deployment of web application directory /opt/apache-tomcat-8.5.9/webapps/docs has finished in 9 ms
17-Jan-2017 05:58:09.354 INFO [localhost-startStop-1] org.apache.catalina.startup.HostConfig.deployDirectory Deploying web application directory /opt/apache-tomcat-8.5.9/webapps/ROOT
17-Jan-2017 05:58:09.363 INFO [localhost-startStop-1] org.apache.catalina.startup.HostConfig.deployDirectory Deployment of web application directory /opt/apache-tomcat-8.5.9/webapps/ROOT has finished in 8 ms
17-Jan-2017 05:58:09.365 INFO [main] org.apache.coyote.AbstractProtocol.start Starting ProtocolHandler [http-nio-8080]
17-Jan-2017 05:58:09.369 INFO [main] org.apache.coyote.AbstractProtocol.start Starting ProtocolHandler [ajp-nio-8009]
17-Jan-2017 05:58:09.370 INFO [main] org.apache.catalina.startup.Catalina.start Server startup in 476 ms
